C:\USERS\MATTH\DOCUMENTS\GITHUB\EXAMPLEGAMEHACKS\CODECAVE\CODECAVE\DEBUG\MAIN.OBJ
C:\USERS\MATTH\DOCUMENTS\GITHUB\EXAMPLEGAMEHACKS\CODECAVE\CODECAVE\DEBUG\VC110.PDB
C:\HACKS\CODECAVE.ILK
C:\HACKS\CODECAVE.DLL
C:\HACKS\CODECAVE.PDB
C:\Users\Matth\Documents\GitHub\ExampleGameHacks\CodeCave\CodeCave\Debug\main.obj
C:\Users\Matth\Documents\GitHub\ExampleGameHacks\CodeCave\CodeCave\Debug\cl.command.1.tlog
C:\Users\Matth\Documents\GitHub\ExampleGameHacks\CodeCave\CodeCave\Debug\CL.read.1.tlog
C:\Users\Matth\Documents\GitHub\ExampleGameHacks\CodeCave\CodeCave\Debug\CL.write.1.tlog
C:\Users\Matth\Documents\GitHub\ExampleGameHacks\CodeCave\CodeCave\Debug\link-cvtres.read.1.tlog
C:\Users\Matth\Documents\GitHub\ExampleGameHacks\CodeCave\CodeCave\Debug\link-cvtres.write.1.tlog
C:\Users\Matth\Documents\GitHub\ExampleGameHacks\CodeCave\CodeCave\Debug\link-rc.read.1.tlog
C:\Users\Matth\Documents\GitHub\ExampleGameHacks\CodeCave\CodeCave\Debug\link-rc.write.1.tlog
C:\Users\Matth\Documents\GitHub\ExampleGameHacks\CodeCave\CodeCave\Debug\link.command.1.tlog
C:\Users\Matth\Documents\GitHub\ExampleGameHacks\CodeCave\CodeCave\Debug\link.read.1.tlog
C:\Users\Matth\Documents\GitHub\ExampleGameHacks\CodeCave\CodeCave\Debug\link.write.1.tlog
C:\Users\Matth\Documents\GitHub\ExampleGameHacks\CodeCave\CodeCave\Debug\vc110.idb
C:\Users\Matth\Documents\GitHub\ExampleGameHacks\CodeCave\CodeCave\Debug\vc141.idb
C:\Users\Matth\Documents\GitHub\ExampleGameHacks\CodeCave\CodeCave\Debug\vc110.pdb
C:\Users\Matth\Documents\GitHub\ExampleGameHacks\CodeCave\CodeCave\Debug\vc141.pdb
C:\HACKS\codecave.pdb
C:\HACKS\codecave.dll
C:\HACKS\codecave.ilk
